{
  "RSpec": {
    "coverage": {
      "/Users/apprentice/Desktop/basecamp/app/models/user.rb": [
        1,
        null,
        null,
        null,
        1,
        null,
        null,
        null,
        1,
        null,
        null,
        1,
        null,
        null
      ],
      "/Users/apprentice/Desktop/basecamp/app/controllers/application_controller.rb": [
        1,
        1,
        null
      ],
      "/Users/apprentice/Desktop/basecamp/app/helpers/application_helper.rb": [
        1,
        null
      ],
      "/Users/apprentice/Desktop/basecamp/app/helpers/projects_helper.rb": [
        1,
        null
      ],
      "/Users/apprentice/Desktop/basecamp/app/helpers/splash_pages_helper.rb": [
        1,
        null
      ],
      "/Users/apprentice/Desktop/basecamp/app/controllers/projects_controller.rb": [
        1,
        1,
        null,
        1,
        20,
        10,
        null,
        10,
        null,
        null,
        null,
        1,
        5,
        null,
        null,
        1,
        4,
        4,
        1,
        null,
        3,
        null,
        null,
        null,
        1,
        0,
        null,
        null,
        1,
        0,
        null,
        null,
        1,
        0,
        0,
        0,
        null,
        0,
        null,
        null,
        null,
        1,
        null,
        null
      ],
      "/Users/apprentice/Desktop/basecamp/app/models/project.rb": [
        1,
        1,
        null,
        1,
        null,
        1,
        null,
        1,
        null,
        1,
        3,
        null,
        null
      ],
      "/Users/apprentice/Desktop/basecamp/app/controllers/splash_pages_controller.rb": [
        1,
        1,
        null,
        null
      ]
    },
    "timestamp": 1343965149
  }
}
